C:\Program Files\Microsoft Visual Studio\2022\Community\MSBuild\Microsoft\VC\v170\Microsoft.CppBuild.targets(517,5): warning MSB8004: каталог Output заканчивается не косой чертой.  Этот экземпляр сборки добавит косую черту, поскольку она необходима для правильного определения каталога Output.
  MathHeader.cpp
D:\2new\Unauticna test\game-unauticna\AssemblyCPP\MathHeader.cpp(15,6): warning C4273: fibonacci_init: несовместимое связывание dll
  (компиляция исходного файла "/MathHeader.cpp")
  D:\2new\Unauticna test\game-unauticna\AssemblyCPP\AssemblyCPP.h(10,33):
  см. предыдущее определение "fibonacci_init"
  
D:\2new\Unauticna test\game-unauticna\AssemblyCPP\MathHeader.cpp(26,6): warning C4273: fibonacci_next: несовместимое связывание dll
  (компиляция исходного файла "/MathHeader.cpp")
  D:\2new\Unauticna test\game-unauticna\AssemblyCPP\AssemblyCPP.h(14,33):
  см. предыдущее определение "fibonacci_next"
  
D:\2new\Unauticna test\game-unauticna\AssemblyCPP\MathHeader.cpp(47,20): warning C4273: fibonacci_current: несовместимое связывание dll
  (компиляция исходного файла "/MathHeader.cpp")
  D:\2new\Unauticna test\game-unauticna\AssemblyCPP\AssemblyCPP.h(17,47):
  см. предыдущее определение "fibonacci_current"
  
D:\2new\Unauticna test\game-unauticna\AssemblyCPP\MathHeader.cpp(51,6): warning C4273: my_cpp_pluss: несовместимое связывание dll
  (компиляция исходного файла "/MathHeader.cpp")
  D:\2new\Unauticna test\game-unauticna\AssemblyCPP\AssemblyCPP.h(22,33):
  см. предыдущее определение "my_cpp_pluss"
  
D:\2new\Unauticna test\game-unauticna\AssemblyCPP\MathHeader.cpp(59,10): warning C4273: fibonacci_index: несовместимое связывание dll
  (компиляция исходного файла "/MathHeader.cpp")
  D:\2new\Unauticna test\game-unauticna\AssemblyCPP\AssemblyCPP.h(20,37):
  см. предыдущее определение "fibonacci_index"
  
     Создается библиотека ..\Assets\Logic\cppCode\AssemblyCPP.lib и объект ..\Assets\Logic\cppCode\AssemblyCPP.exp
  AssemblyCPP.vcxproj -> D:\2new\Unauticna test\game-unauticna\Assets\Logic\cppCode\AssemblyCPP.dll
