Using pre-set license
Built from '2021.2/staging' branch; Version is '2021.2.7f1 (6bd9e232123f) revision 7068130'; Using compiler version '192829333'; Build Type 'Release'
OS: 'Windows 11  (10.0.22000) 64bit Professional' Language: 'ru' Physical Memory: 8190 MB
BatchMode: 1, IsHumanControllingUs: 0, StartBugReporterOnCrash: 0, Is64bit: 1, IsPro: 0

COMMAND LINE ARGUMENTS:
D:\Games\11\2021.2.7f1\Editor\Unity.exe
-adb2
-batchMode
-noUpm
-name
AssetImportWorker0
-projectPath
D:/2new/Unauticna
-logFile
Logs/AssetImportWorker0.log
-srvPort
56954
Successfully changed project path to: D:/2new/Unauticna
D:/2new/Unauticna
[UnityMemory] Configuration Parameters - Can be set up in boot.config
    "memorysetup-bucket-allocator-granularity=16"
    "memorysetup-bucket-allocator-bucket-count=8"
    "memorysetup-bucket-allocator-block-size=33554432"
    "memorysetup-bucket-allocator-block-count=8"
    "memorysetup-main-allocator-block-size=16777216"
    "memorysetup-thread-allocator-block-size=16777216"
    "memorysetup-gfx-main-allocator-block-size=16777216"
    "memorysetup-gfx-thread-allocator-block-size=16777216"
    "memorysetup-cache-allocator-block-size=4194304"
    "memorysetup-typetree-allocator-block-size=2097152"
    "memorysetup-profiler-bucket-allocator-granularity=16"
    "memorysetup-profiler-bucket-allocator-bucket-count=8"
    "memorysetup-profiler-bucket-allocator-block-size=33554432"
    "memorysetup-profiler-bucket-allocator-block-count=8"
    "memorysetup-profiler-allocator-block-size=16777216"
    "memorysetup-profiler-editor-allocator-block-size=1048576"
    "memorysetup-temp-allocator-size-main=16777216"
    "memorysetup-job-temp-allocator-block-size=2097152"
    "memorysetup-job-temp-allocator-block-size-background=1048576"
    "memorysetup-job-temp-allocator-reduction-small-platforms=262144"
    "memorysetup-temp-allocator-size-background-worker=32768"
    "memorysetup-temp-allocator-size-job-worker=262144"
    "memorysetup-temp-allocator-size-preload-manager=33554432"
    "memorysetup-temp-allocator-size-nav-mesh-worker=65536"
    "memorysetup-temp-allocator-size-audio-worker=65536"
    "memorysetup-temp-allocator-size-cloud-worker=32768"
    "memorysetup-temp-allocator-size-gi-baking-worker=262144"
    "memorysetup-temp-allocator-size-gfx=262144"
Refreshing native plugins compatible for Editor in 181.30 ms, found 2 plugins.
Preloading 0 native plugins for Editor in 0.00 ms.
Initialize engine version: 2021.2.7f1 (6bd9e232123f)
[Subsystems] Discovering subsystems at path D:/Games/11/2021.2.7f1/Editor/Data/Resources/UnitySubsystems
[Subsystems] Discovering subsystems at path D:/2new/Unauticna/Assets
GfxDevice: creating device client; threaded=0; jobified=0
Direct3D:
    Version:  Direct3D 11.0 [level 11.1]
    Renderer: NVIDIA GeForce GTX 1650 (ID=0x1f82)
    Vendor:   NVIDIA
    VRAM:     3962 MB
    Driver:   30.0.14.7168
Initialize mono
Mono path[0] = 'D:/Games/11/2021.2.7f1/Editor/Data/Managed'
Mono path[1] = 'D:/Games/11/2021.2.7f1/Editor/Data/MonoBleedingEdge/lib/mono/unityjit-win32'
Mono config path = 'D:/Games/11/2021.2.7f1/Editor/Data/MonoBleedingEdge/etc'
Using monoOptions --debugger-agent=transport=dt_socket,embedding=1,server=y,suspend=n,address=127.0.0.1:56632
Begin MonoManager ReloadAssembly
Registering precompiled unity dll's ...
Register platform support module: D:/Games/11/2021.2.7f1/Editor/Data/PlaybackEngines/WindowsStandaloneSupport/UnityEditor.WindowsStandalone.Extensions.dll
Registered in 0.004869 seconds.
Native extension for WindowsStandalone target not found
Refreshing native plugins compatible for Editor in 184.21 ms, found 2 plugins.
Preloading 0 native plugins for Editor in 0.00 ms.
Mono: successfully reloaded assembly
- Completed reload, in  1.725 seconds
Domain Reload Profiling:
	ReloadAssembly (1726ms)
		BeginReloadAssembly (174ms)
			ExecutionOrderSort (0ms)
			DisableScriptedObjects (0ms)
			BackupInstance (0ms)
			ReleaseScriptingObjects (0ms)
			CreateAndSetChildDomain (2ms)
		EndReloadAssembly (1385ms)
			LoadAssemblies (172ms)
			RebuildTransferFunctionScriptingTraits (0ms)
			SetupTypeCache (272ms)
			ReleaseScriptCaches (0ms)
			RebuildScriptCaches (292ms)
			SetupLoadedEditorAssemblies (701ms)
				LogAssemblyErrors (0ms)
				InitializePlatformSupportModulesInManaged (109ms)
				SetLoadedEditorAssemblies (1ms)
				RefreshPlugins (184ms)
				BeforeProcessingInitializeOnLoad (3ms)
				ProcessInitializeOnLoadAttributes (298ms)
				ProcessInitializeOnLoadMethodAttributes (105ms)
				AfterProcessingInitializeOnLoad (0ms)
				EditorAssembliesLoaded (0ms)
			ExecutionOrderSort2 (0ms)
			AwakeInstancesAfterBackupRestoration (0ms)
Platform modules already initialized, skipping
Registering precompiled user dll's ...
Registered in 0.004215 seconds.
Begin MonoManager ReloadAssembly
Symbol file LoadedFromMemory doesn't match image D:\2new\Unauticna\Library\PackageCache\com.unity.visualscripting@1.7.6\Editor\VisualScripting.Core\Dependencies\YamlDotNet\Unity.VisualScripting.YamlDotNet.dll
Symbol file LoadedFromMemory doesn't match image D:\2new\Unauticna\Library\PackageCache\com.unity.visualscripting@1.7.6\Editor\VisualScripting.Core\Dependencies\DotNetZip\Unity.VisualScripting.IonicZip.dll
Native extension for WindowsStandalone target not found
Refreshing native plugins compatible for Editor in 180.58 ms, found 2 plugins.
Preloading 0 native plugins for Editor in 0.00 ms.
Mono: successfully reloaded assembly
- Completed reload, in  2.718 seconds
Domain Reload Profiling:
	ReloadAssembly (2720ms)
		BeginReloadAssembly (230ms)
			ExecutionOrderSort (0ms)
			DisableScriptedObjects (13ms)
			BackupInstance (0ms)
			ReleaseScriptingObjects (0ms)
			CreateAndSetChildDomain (42ms)
		EndReloadAssembly (2296ms)
			LoadAssemblies (150ms)
			RebuildTransferFunctionScriptingTraits (0ms)
			SetupTypeCache (429ms)
			ReleaseScriptCaches (1ms)
			RebuildScriptCaches (150ms)
			SetupLoadedEditorAssemblies (1468ms)
				LogAssemblyErrors (0ms)
				InitializePlatformSupportModulesInManaged (27ms)
				SetLoadedEditorAssemblies (0ms)
				RefreshPlugins (181ms)
				BeforeProcessingInitializeOnLoad (176ms)
				ProcessInitializeOnLoadAttributes (1004ms)
				ProcessInitializeOnLoadMethodAttributes (70ms)
				AfterProcessingInitializeOnLoad (9ms)
				EditorAssembliesLoaded (0ms)
			ExecutionOrderSort2 (0ms)
			AwakeInstancesAfterBackupRestoration (14ms)
Platform modules already initialized, skipping
========================================================================
Worker process is ready to serve import requests
Launched and connected shader compiler UnityShaderCompiler.exe after 0.15 seconds
Refreshing native plugins compatible for Editor in 1.50 ms, found 2 plugins.
Preloading 0 native plugins for Editor in 0.00 ms.
Unloading 3770 Unused Serialized files (Serialized files now loaded: 0)
Unloading 133 unused Assets / (1.9 MB). Loaded Objects now: 4244.
Memory consumption went from 179.7 MB to 177.8 MB.
Total: 9.538400 ms (FindLiveObjects: 0.979900 ms CreateObjectMapping: 0.232900 ms MarkObjects: 6.582600 ms  DeleteObjects: 1.739400 ms)

AssetImportParameters requested are different than current active one (requested -> active):
  custom:video-decoder-ogg-theora: a1e56fd34408186e4bbccfd4996cb3dc -> 
  custom:container-muxer-webm: aa71ff27fc2769a1b78a27578f13a17b -> 
  custom:container-demuxer-webm: 4f35f7cbe854078d1ac9338744f61a02 -> 
  custom:video-encoder-webm-vp8: eb34c28f22e8b96e1ab97ce403110664 -> 
  custom:audio-encoder-webm-vorbis: bf7c407c2cedff20999df2af8eb42d56 -> 
  custom:framework-win-MediaFoundation: 216162199b28c13a410421893ffa2e32 -> 
  custom:container-demuxer-ogg: 62fdf1f143b41e24485cea50d1cbac27 -> 
  custom:video-decoder-webm-vp8: 9c59270c3fd7afecdb556c50c9e8de78 -> 
  custom:audio-decoder-ogg-vorbis: bf7c407c2cedff20999df2af8eb42d56 -> 
========================================================================
Received Import Request.
  Time since last request: 661502.652527 seconds.
  path: Assets/text/Materials/New Material 12.mat
  artifactKey: Guid(d717f95fec782f04eaba368fb1e6c3f2) Importer(815301076,1909f56bfc062723c751e8b465ee728b)
Start importing Assets/text/Materials/New Material 12.mat using Guid(d717f95fec782f04eaba368fb1e6c3f2) Importer(815301076,1909f56bfc062723c751e8b465ee728b)  -> (artifact id: '480dadaf7b9ab40bc19d6c8c88e4bbb4') in 0.571447 seconds 
========================================================================
Received Import Request.
  Time since last request: 1.881615 seconds.
  path: Assets/NewSurfaceShader.shader
  artifactKey: Guid(d47afe34956e38f43bc18de74c079350) Importer(815301076,1909f56bfc062723c751e8b465ee728b)
Start importing Assets/NewSurfaceShader.shader using Guid(d47afe34956e38f43bc18de74c079350) Importer(815301076,1909f56bfc062723c751e8b465ee728b)  -> (artifact id: '2e7d4dfbf34d5e4b4d16177677a17f5f') in 0.027543 seconds 
========================================================================
Received Import Request.
  Time since last request: 24.566977 seconds.
  path: Assets/Shaders
  artifactKey: Guid(c7d21f5db254d5548870da4315cda00a) Importer(815301076,1909f56bfc062723c751e8b465ee728b)
Start importing Assets/Shaders using Guid(c7d21f5db254d5548870da4315cda00a) Importer(815301076,1909f56bfc062723c751e8b465ee728b)  -> (artifact id: 'b212ffaccf0626c18997d74ec7658425') in 0.391105 seconds 
========================================================================
Received Import Request.
  Time since last request: 29.665455 seconds.
  path: Assets/Shaders/NewSurfaceShader 1.shader
  artifactKey: Guid(77588ba59018d474285b895c3b03c8b6) Importer(815301076,1909f56bfc062723c751e8b465ee728b)
Start importing Assets/Shaders/NewSurfaceShader 1.shader using Guid(77588ba59018d474285b895c3b03c8b6) Importer(815301076,1909f56bfc062723c751e8b465ee728b)  -> (artifact id: '1722a40601f3b7b8d053c129583ed299') in 0.027535 seconds 
========================================================================
Received Import Request.
  Time since last request: 89.777971 seconds.
  path: Assets/Shaders/NewSurfaceShader 1.shader
  artifactKey: Guid(77588ba59018d474285b895c3b03c8b6) Importer(815301076,1909f56bfc062723c751e8b465ee728b)
Start importing Assets/Shaders/NewSurfaceShader 1.shader using Guid(77588ba59018d474285b895c3b03c8b6) Importer(815301076,1909f56bfc062723c751e8b465ee728b)  -> (artifact id: '0a14603c22df052f36de711769bfd50a') in 0.214408 seconds 
========================================================================
Received Import Request.
  Time since last request: 14.099135 seconds.
  path: Assets/text/Materials/New Material 13.mat
  artifactKey: Guid(df8e7104229807d43837b7640e774e1b) Importer(815301076,1909f56bfc062723c751e8b465ee728b)
Start importing Assets/text/Materials/New Material 13.mat using Guid(df8e7104229807d43837b7640e774e1b) Importer(815301076,1909f56bfc062723c751e8b465ee728b)  -> (artifact id: 'aa75d00ceb10907c53a30f2f4e69a16a') in 0.053540 seconds 
========================================================================
Received Import Request.
  Time since last request: 1486.250184 seconds.
  path: Assets/Scenes/tests/New Scene 7.unity
  artifactKey: Guid(df80074a161d5804f8d84e3b77021ffa) Importer(815301076,1909f56bfc062723c751e8b465ee728b)
Start importing Assets/Scenes/tests/New Scene 7.unity using Guid(df80074a161d5804f8d84e3b77021ffa) Importer(815301076,1909f56bfc062723c751e8b465ee728b)  -> (artifact id: '722ea6f297d3554bc33b7457eea52d90') in 0.029254 seconds 
========================================================================
Received Import Request.
  Time since last request: 69.568022 seconds.
  path: Assets/Terrain/Terrain_0_0_33d1e237-5ace-4ec1-ac0d-bdd55947a045.asset
  artifactKey: Guid(b6e5154b0e657df4a8c8ac32743df220) Importer(815301076,1909f56bfc062723c751e8b465ee728b)
Start importing Assets/Terrain/Terrain_0_0_33d1e237-5ace-4ec1-ac0d-bdd55947a045.asset using Guid(b6e5154b0e657df4a8c8ac32743df220) Importer(815301076,1909f56bfc062723c751e8b465ee728b) The tree цепное растение couldn't be instanced because the prefab contains no valid mesh renderer.
The tree Pine_tree_double must use the Nature/Soft Occlusion shader. Otherwise billboarding/lighting will not work correctly.
 -> (artifact id: 'd645596650a637366af7d7b38b9759ff') in 0.282092 seconds 
========================================================================
Received Import Request.
  Time since last request: 108.480367 seconds.
  path: Assets/TextMesh Pro/Examples & Extras/Resources/Fonts & Materials/Roboto-Bold SDF - Drop Shadow.mat
  artifactKey: Guid(b246c4190f4e46ec9352fe15a7b09ce0) Importer(815301076,1909f56bfc062723c751e8b465ee728b)
Start importing Assets/TextMesh Pro/Examples & Extras/Resources/Fonts & Materials/Roboto-Bold SDF - Drop Shadow.mat using Guid(b246c4190f4e46ec9352fe15a7b09ce0) Importer(815301076,1909f56bfc062723c751e8b465ee728b)  -> (artifact id: 'cf9687d2d2783e4944a286b1b73cdbaf') in 0.244893 seconds 
========================================================================
Received Import Request.
  Time since last request: 0.000052 seconds.
  path: Assets/TextMesh Pro/Examples & Extras/Resources/Fonts & Materials/Roboto-Bold SDF - Surface.mat
  artifactKey: Guid(e6b276ec991f467aa14ef1f3cc665993) Importer(815301076,1909f56bfc062723c751e8b465ee728b)
Start importing Assets/TextMesh Pro/Examples & Extras/Resources/Fonts & Materials/Roboto-Bold SDF - Surface.mat using Guid(e6b276ec991f467aa14ef1f3cc665993) Importer(815301076,1909f56bfc062723c751e8b465ee728b)  -> (artifact id: '37d9ea41e99bce66a51516fac405e261') in 0.207341 seconds 
========================================================================
Received Import Request.
  Time since last request: 0.808108 seconds.
  path: Assets/Assets/Shaders/New Material.mat
  artifactKey: Guid(ba487fdd9da845a41b618a02db642572) Importer(815301076,1909f56bfc062723c751e8b465ee728b)
Start importing Assets/Assets/Shaders/New Material.mat using Guid(ba487fdd9da845a41b618a02db642572) Importer(815301076,1909f56bfc062723c751e8b465ee728b)  -> (artifact id: '753b310a1c5b9b79aa7393f2608cd905') in 0.133950 seconds 
========================================================================
Received Import Request.
  Time since last request: 0.000050 seconds.
  path: Assets/Assets/Shaders/New Material 1.mat
  artifactKey: Guid(478f6f4492d85514e897aaf8778f63af) Importer(815301076,1909f56bfc062723c751e8b465ee728b)
Start importing Assets/Assets/Shaders/New Material 1.mat using Guid(478f6f4492d85514e897aaf8778f63af) Importer(815301076,1909f56bfc062723c751e8b465ee728b)  -> (artifact id: '9a65d167c8e37435f2cb4236bea8476e') in 0.087235 seconds 
========================================================================
Received Import Request.
  Time since last request: 0.117580 seconds.
  path: Assets/TextMesh Pro/Examples & Extras/Resources/Fonts & Materials/Anton SDF - Drop Shadow.mat
  artifactKey: Guid(749b9069dc4742c5bfa5c74644049926) Importer(815301076,1909f56bfc062723c751e8b465ee728b)
Start importing Assets/TextMesh Pro/Examples & Extras/Resources/Fonts & Materials/Anton SDF - Drop Shadow.mat using Guid(749b9069dc4742c5bfa5c74644049926) Importer(815301076,1909f56bfc062723c751e8b465ee728b)  -> (artifact id: '68d27121df359c0616b0c8c10bfdb8ab') in 0.121032 seconds 
========================================================================
Received Import Request.
  Time since last request: 0.000053 seconds.
  path: Assets/TextMesh Pro/Examples & Extras/Resources/Fonts & Materials/Bangers SDF - Outline.mat
  artifactKey: Guid(f629c6e43dba4bf38cb74d8860150664) Importer(815301076,1909f56bfc062723c751e8b465ee728b)
Start importing Assets/TextMesh Pro/Examples & Extras/Resources/Fonts & Materials/Bangers SDF - Outline.mat using Guid(f629c6e43dba4bf38cb74d8860150664) Importer(815301076,1909f56bfc062723c751e8b465ee728b)  -> (artifact id: '1505b720f1ff9bed170364ee27b68707') in 0.261734 seconds 
========================================================================
Received Import Request.
  Time since last request: 0.000064 seconds.
  path: Assets/TextMesh Pro/Examples & Extras/Resources/Fonts & Materials/Anton SDF - Sunny Days.mat
  artifactKey: Guid(6522f30e342599e4e9dd4cc2cc03c830) Importer(815301076,1909f56bfc062723c751e8b465ee728b)
Start importing Assets/TextMesh Pro/Examples & Extras/Resources/Fonts & Materials/Anton SDF - Sunny Days.mat using Guid(6522f30e342599e4e9dd4cc2cc03c830) Importer(815301076,1909f56bfc062723c751e8b465ee728b)  -> (artifact id: '1f74c3f5b9f1c5f33dbe8eac843af5fa') in 0.445011 seconds 
========================================================================
Received Import Request.
  Time since last request: 0.000050 seconds.
  path: Assets/TextMesh Pro/Examples & Extras/Resources/Fonts & Materials/Bangers SDF - Drop Shadow.mat
  artifactKey: Guid(f2dcf029949142e28b974630369c8b4e) Importer(815301076,1909f56bfc062723c751e8b465ee728b)
Start importing Assets/TextMesh Pro/Examples & Extras/Resources/Fonts & Materials/Bangers SDF - Drop Shadow.mat using Guid(f2dcf029949142e28b974630369c8b4e) Importer(815301076,1909f56bfc062723c751e8b465ee728b)  -> (artifact id: '2eecbfb4c6cc15e0b7088759a7f2b0a2') in 0.077969 seconds 
========================================================================
Received Import Request.
  Time since last request: 0.000048 seconds.
  path: Assets/TextMesh Pro/Examples & Extras/Resources/Fonts & Materials/Bangers SDF Glow.mat
  artifactKey: Guid(d75b8f41e959450c84ac6e967084d3e1) Importer(815301076,1909f56bfc062723c751e8b465ee728b)
Start importing Assets/TextMesh Pro/Examples & Extras/Resources/Fonts & Materials/Bangers SDF Glow.mat using Guid(d75b8f41e959450c84ac6e967084d3e1) Importer(815301076,1909f56bfc062723c751e8b465ee728b)  -> (artifact id: 'f0d819f1935d0e807218f3c174ddaa6a') in 0.116466 seconds 
========================================================================
Received Import Request.
  Time since last request: 0.000039 seconds.
  path: Assets/TextMesh Pro/Examples & Extras/Resources/Fonts & Materials/Anton SDF - Outline.mat
  artifactKey: Guid(a00013af81304728b2be1f4309ee2433) Importer(815301076,1909f56bfc062723c751e8b465ee728b)
Start importing Assets/TextMesh Pro/Examples & Extras/Resources/Fonts & Materials/Anton SDF - Outline.mat using Guid(a00013af81304728b2be1f4309ee2433) Importer(815301076,1909f56bfc062723c751e8b465ee728b)  -> (artifact id: '31ecb225a415bbc6965e54570bc3080e') in 0.065271 seconds 
========================================================================
Received Import Request.
  Time since last request: 0.000059 seconds.
  path: Assets/TextMesh Pro/Examples & Extras/Resources/Fonts & Materials/Bangers SDF Logo.mat
  artifactKey: Guid(f4e195ac1e204eff960149d1cb34e18c) Importer(815301076,1909f56bfc062723c751e8b465ee728b)
Start importing Assets/TextMesh Pro/Examples & Extras/Resources/Fonts & Materials/Bangers SDF Logo.mat using Guid(f4e195ac1e204eff960149d1cb34e18c) Importer(815301076,1909f56bfc062723c751e8b465ee728b)  -> (artifact id: 'b6ad3848ab3d3afeda849b19df4f8abb') in 0.423791 seconds 
========================================================================
Received Import Request.
  Time since last request: 1652.483690 seconds.
  path: Assets/text/GridBox_Default 2.png
  artifactKey: Guid(9661d26786ead954ca81520bbabe5de6) Importer(815301076,1909f56bfc062723c751e8b465ee728b)
Start importing Assets/text/GridBox_Default 2.png using Guid(9661d26786ead954ca81520bbabe5de6) Importer(815301076,1909f56bfc062723c751e8b465ee728b)  -> (artifact id: '508386e09e07c21380a2de79579a1369') in 2.122155 seconds 
========================================================================
Received Import Request.
  Time since last request: 66.859347 seconds.
  path: Assets/text/GridBox_Default 2.png
  artifactKey: Guid(9661d26786ead954ca81520bbabe5de6) Importer(815301076,1909f56bfc062723c751e8b465ee728b)
Start importing Assets/text/GridBox_Default 2.png using Guid(9661d26786ead954ca81520bbabe5de6) Importer(815301076,1909f56bfc062723c751e8b465ee728b)  -> (artifact id: 'efb91e21b9be4cc088c8e66f5546981e') in 0.561992 seconds 
========================================================================
Received Import Request.
  Time since last request: 11.151134 seconds.
  path: Assets/text/Materials/New Material 13.mat
  artifactKey: Guid(df8e7104229807d43837b7640e774e1b) Importer(815301076,1909f56bfc062723c751e8b465ee728b)
Start importing Assets/text/Materials/New Material 13.mat using Guid(df8e7104229807d43837b7640e774e1b) Importer(815301076,1909f56bfc062723c751e8b465ee728b)  -> (artifact id: '16bbd893ef4367e8eaba23e5bc5a6d2b') in 1.217075 seconds 
========================================================================
Received Import Request.
  Time since last request: 661.713189 seconds.
  path: Assets/text/Materials/New Material 13.mat
  artifactKey: Guid(df8e7104229807d43837b7640e774e1b) Importer(815301076,1909f56bfc062723c751e8b465ee728b)
Start importing Assets/text/Materials/New Material 13.mat using Guid(df8e7104229807d43837b7640e774e1b) Importer(815301076,1909f56bfc062723c751e8b465ee728b)  -> (artifact id: 'c834675602df6e1e8dcb298055a1349b') in 0.244311 seconds 
========================================================================
Received Import Request.
  Time since last request: 0.000052 seconds.
  path: Assets/text/Materials/New Material 14.mat
  artifactKey: Guid(e21c1eb828736e04b821b037d759a5b4) Importer(815301076,1909f56bfc062723c751e8b465ee728b)
Start importing Assets/text/Materials/New Material 14.mat using Guid(e21c1eb828736e04b821b037d759a5b4) Importer(815301076,1909f56bfc062723c751e8b465ee728b)  -> (artifact id: '1348637c23a2888e8a5c43c651452626') in 0.693430 seconds 
========================================================================
Received Import Request.
  Time since last request: 63.785697 seconds.
  path: Assets/text/Materials/New Material 13.mat
  artifactKey: Guid(df8e7104229807d43837b7640e774e1b) Importer(815301076,1909f56bfc062723c751e8b465ee728b)
Start importing Assets/text/Materials/New Material 13.mat using Guid(df8e7104229807d43837b7640e774e1b) Importer(815301076,1909f56bfc062723c751e8b465ee728b)  -> (artifact id: 'cddb8bf1dec91047440b6dc2367bce5c') in 0.291374 seconds 
========================================================================
Received Import Request.
  Time since last request: 497.732341 seconds.
  path: Assets/text/Materials/New Material 13.mat
  artifactKey: Guid(df8e7104229807d43837b7640e774e1b) Importer(815301076,1909f56bfc062723c751e8b465ee728b)
Start importing Assets/text/Materials/New Material 13.mat using Guid(df8e7104229807d43837b7640e774e1b) Importer(815301076,1909f56bfc062723c751e8b465ee728b)  -> (artifact id: 'a860fa71f8234d463970b59afe55eaf3') in 0.318965 seconds 
========================================================================
Received Import Request.
  Time since last request: 0.000060 seconds.
  path: Assets/text/Materials/New Material 14.mat
  artifactKey: Guid(e21c1eb828736e04b821b037d759a5b4) Importer(815301076,1909f56bfc062723c751e8b465ee728b)
Start importing Assets/text/Materials/New Material 14.mat using Guid(e21c1eb828736e04b821b037d759a5b4) Importer(815301076,1909f56bfc062723c751e8b465ee728b)  -> (artifact id: 'b9e1d0b814fff5dcf4a09ca2596eff2e') in 0.149992 seconds 
========================================================================
Received Import Request.
  Time since last request: 208.621652 seconds.
  path: Assets/Scenes/room8.unity
  artifactKey: Guid(86ddbd96f94a41f4da9ff1079e23433d) Importer(815301076,1909f56bfc062723c751e8b465ee728b)
Start importing Assets/Scenes/room8.unity using Guid(86ddbd96f94a41f4da9ff1079e23433d) Importer(815301076,1909f56bfc062723c751e8b465ee728b)  -> (artifact id: 'dd561df71b86d50ff5ae2989bb19457c') in 0.099071 seconds 
========================================================================
Received Import Request.
  Time since last request: 7.022474 seconds.
  path: Assets/pref/Cube 2.prefab
  artifactKey: Guid(4377e27c350dcf043b1303fe36819cf7) Importer(815301076,1909f56bfc062723c751e8b465ee728b)
Start importing Assets/pref/Cube 2.prefab using Guid(4377e27c350dcf043b1303fe36819cf7) Importer(815301076,1909f56bfc062723c751e8b465ee728b)  -> (artifact id: '59c22fa21e55f5abf4b8a9b490343ff3') in 5.387316 seconds 
========================================================================
Received Import Request.
  Time since last request: 0.000070 seconds.
  path: Assets/pref/Sphere.prefab
  artifactKey: Guid(da377edd2a70d3141ad890fce2a133ca) Importer(815301076,1909f56bfc062723c751e8b465ee728b)
Start importing Assets/pref/Sphere.prefab using Guid(da377edd2a70d3141ad890fce2a133ca) Importer(815301076,1909f56bfc062723c751e8b465ee728b)  -> (artifact id: '354150f438a37945f711fd962a9be227') in 0.122801 seconds 
========================================================================
Received Import Request.
  Time since last request: 0.000054 seconds.
  path: Assets/pref/Cube 2.prefab
  artifactKey: Guid(4377e27c350dcf043b1303fe36819cf7) Importer(815301076,1909f56bfc062723c751e8b465ee728b)
Start importing Assets/pref/Cube 2.prefab using Guid(4377e27c350dcf043b1303fe36819cf7) Importer(815301076,1909f56bfc062723c751e8b465ee728b)  -> (artifact id: '59c22fa21e55f5abf4b8a9b490343ff3') in 0.033241 seconds 
========================================================================
Received Import Request.
  Time since last request: 1.135252 seconds.
  path: Assets/pref/Sphere (1).prefab
  artifactKey: Guid(07ad940220d34f047a34cb231eaa48c8) Importer(815301076,1909f56bfc062723c751e8b465ee728b)
Start importing Assets/pref/Sphere (1).prefab using Guid(07ad940220d34f047a34cb231eaa48c8) Importer(815301076,1909f56bfc062723c751e8b465ee728b)  -> (artifact id: '3a196aaa112c4a0fd4282b66b4f84b18') in 0.080453 seconds 
========================================================================
Received Import Request.
  Time since last request: 62.810911 seconds.
  path: Assets/pref/Cube (1).prefab
  artifactKey: Guid(6555dacf0cf118344b22c43ede95a01c) Importer(815301076,1909f56bfc062723c751e8b465ee728b)
Start importing Assets/pref/Cube (1).prefab using Guid(6555dacf0cf118344b22c43ede95a01c) Importer(815301076,1909f56bfc062723c751e8b465ee728b)  -> (artifact id: '9c7ca238cc4cb16e0cb63941f5a3282d') in 0.174977 seconds 
========================================================================
Received Prepare
Registering precompiled user dll's ...
Registered in 0.022510 seconds.
Begin MonoManager ReloadAssembly
Symbol file LoadedFromMemory doesn't match image D:\2new\Unauticna\Library\PackageCache\com.unity.visualscripting@1.7.6\Editor\VisualScripting.Core\Dependencies\YamlDotNet\Unity.VisualScripting.YamlDotNet.dll
Symbol file LoadedFromMemory doesn't match image D:\2new\Unauticna\Library\PackageCache\com.unity.visualscripting@1.7.6\Editor\VisualScripting.Core\Dependencies\DotNetZip\Unity.VisualScripting.IonicZip.dll
Native extension for WindowsStandalone target not found
Refreshing native plugins compatible for Editor in 3.19 ms, found 2 plugins.
Preloading 0 native plugins for Editor in 0.00 ms.
Warning: Annotation not found!
UnityEngine.StackTraceUtility:ExtractStackTrace ()
UnityEditor.ProBuilder.EditorUtility:SetGizmoIconEnabled (System.Type,bool) (at Library/PackageCache/com.unity.probuilder@5.0.3/Editor/EditorCore/EditorUtility.cs:575)
UnityEditor.ProBuilder.HierarchyListener:.cctor () (at Library/PackageCache/com.unity.probuilder@5.0.3/Editor/EditorCore/HierarchyListener.cs:21)
System.Runtime.CompilerServices.RuntimeHelpers:RunClassConstructor (System.RuntimeTypeHandle)
UnityEditor.EditorAssemblies:ProcessInitializeOnLoadAttributes (System.Type[])

[Library/PackageCache/com.unity.probuilder@5.0.3/Editor/EditorCore/EditorUtility.cs line 575]

Mono: successfully reloaded assembly
- Completed reload, in 14.164 seconds
Domain Reload Profiling:
	ReloadAssembly (14276ms)
		BeginReloadAssembly (8844ms)
			ExecutionOrderSort (0ms)
			DisableScriptedObjects (669ms)
			BackupInstance (0ms)
			ReleaseScriptingObjects (0ms)
			CreateAndSetChildDomain (4370ms)
		EndReloadAssembly (4461ms)
			LoadAssemblies (1224ms)
			RebuildTransferFunctionScriptingTraits (52ms)
			SetupTypeCache (1238ms)
			ReleaseScriptCaches (6ms)
			RebuildScriptCaches (290ms)
			SetupLoadedEditorAssemblies (1921ms)
				LogAssemblyErrors (0ms)
				InitializePlatformSupportModulesInManaged (136ms)
				SetLoadedEditorAssemblies (2ms)
				RefreshPlugins (3ms)
				BeforeProcessingInitializeOnLoad (347ms)
				ProcessInitializeOnLoadAttributes (1322ms)
				ProcessInitializeOnLoadMethodAttributes (100ms)
				AfterProcessingInitializeOnLoad (8ms)
				EditorAssembliesLoaded (3ms)
			ExecutionOrderSort2 (0ms)
			AwakeInstancesAfterBackupRestoration (60ms)
Platform modules already initialized, skipping
Refreshing native plugins compatible for Editor in 1.87 ms, found 2 plugins.
Preloading 0 native plugins for Editor in 0.00 ms.
Unloading 3645 Unused Serialized files (Serialized files now loaded: 0)
Unloading 37 unused Assets / (1.9 MB). Loaded Objects now: 4333.
Memory consumption went from 176.4 MB to 174.5 MB.
Total: 40.557000 ms (FindLiveObjects: 1.564100 ms CreateObjectMapping: 0.781100 ms MarkObjects: 37.037200 ms  DeleteObjects: 1.165300 ms)

AssetImportParameters requested are different than current active one (requested -> active):
  custom:video-decoder-ogg-theora: a1e56fd34408186e4bbccfd4996cb3dc -> 
  custom:container-muxer-webm: aa71ff27fc2769a1b78a27578f13a17b -> 
  custom:container-demuxer-webm: 4f35f7cbe854078d1ac9338744f61a02 -> 
  custom:video-encoder-webm-vp8: eb34c28f22e8b96e1ab97ce403110664 -> 
  custom:audio-encoder-webm-vorbis: bf7c407c2cedff20999df2af8eb42d56 -> 
  custom:framework-win-MediaFoundation: 216162199b28c13a410421893ffa2e32 -> 
  custom:container-demuxer-ogg: 62fdf1f143b41e24485cea50d1cbac27 -> 
  custom:video-decoder-webm-vp8: 9c59270c3fd7afecdb556c50c9e8de78 -> 
  custom:audio-decoder-ogg-vorbis: bf7c407c2cedff20999df2af8eb42d56 -> 
========================================================================
Received Import Request.
  Time since last request: 421.741401 seconds.
  path: Assets/Scenes/room8.unity
  artifactKey: Guid(86ddbd96f94a41f4da9ff1079e23433d) Importer(815301076,1909f56bfc062723c751e8b465ee728b)
Start importing Assets/Scenes/room8.unity using Guid(86ddbd96f94a41f4da9ff1079e23433d) Importer(815301076,1909f56bfc062723c751e8b465ee728b)  -> (artifact id: '5da9bc1d32a1fda31bc047af6bcd577a') in 0.057929 seconds 
========================================================================
Received Import Request.
  Time since last request: 4.815587 seconds.
  path: Assets/Scenes/tests/New Scene 7.unity
  artifactKey: Guid(df80074a161d5804f8d84e3b77021ffa) Importer(815301076,1909f56bfc062723c751e8b465ee728b)
Start importing Assets/Scenes/tests/New Scene 7.unity using Guid(df80074a161d5804f8d84e3b77021ffa) Importer(815301076,1909f56bfc062723c751e8b465ee728b)  -> (artifact id: 'e2a763bbd45ae194741c683f6f3cc531') in 0.011991 seconds 
========================================================================
Received Import Request.
  Time since last request: 137.823690 seconds.
  path: Assets/Scenes/tests/New Scene 7.unity
  artifactKey: Guid(df80074a161d5804f8d84e3b77021ffa) Importer(815301076,1909f56bfc062723c751e8b465ee728b)
Start importing Assets/Scenes/tests/New Scene 7.unity using Guid(df80074a161d5804f8d84e3b77021ffa) Importer(815301076,1909f56bfc062723c751e8b465ee728b)  -> (artifact id: 'd451bfe4754b5d4c9d8388807974523e') in 0.015356 seconds 
========================================================================
Received Import Request.
  Time since last request: 181.184987 seconds.
  path: Assets/Scenes/tests/New Scene/LightingData.asset
  artifactKey: Guid(79c29939c03aabe489b623ef4d0d9e36) Importer(815301076,1909f56bfc062723c751e8b465ee728b)
Start importing Assets/Scenes/tests/New Scene/LightingData.asset using Guid(79c29939c03aabe489b623ef4d0d9e36) Importer(815301076,1909f56bfc062723c751e8b465ee728b)  -> (artifact id: '85f68cb40fe6170b725d13c64b3c84ca') in 0.076098 seconds 
========================================================================
Received Import Request.
  Time since last request: 47.262089 seconds.
  path: Assets/Shaders/NewSurfaceShader 1.shader
  artifactKey: Guid(77588ba59018d474285b895c3b03c8b6) Importer(815301076,1909f56bfc062723c751e8b465ee728b)
Start importing Assets/Shaders/NewSurfaceShader 1.shader using Guid(77588ba59018d474285b895c3b03c8b6) Importer(815301076,1909f56bfc062723c751e8b465ee728b)  -> (artifact id: '06a74e73eda59a93d3239057af6a843e') in 0.005980 seconds 
========================================================================
Received Import Request.
  Time since last request: 6.965905 seconds.
  path: Assets/Shaders/NewSurfaceShader 2.shader
  artifactKey: Guid(18aa6ddf78af1f843a202e7e5685a820) Importer(815301076,1909f56bfc062723c751e8b465ee728b)
Start importing Assets/Shaders/NewSurfaceShader 2.shader using Guid(18aa6ddf78af1f843a202e7e5685a820) Importer(815301076,1909f56bfc062723c751e8b465ee728b)  -> (artifact id: 'b24faaf057d0998d56780e2c95048747') in 0.016833 seconds 
========================================================================
Received Import Request.
  Time since last request: 228.964292 seconds.
  path: Assets/Shaders/NewSurfaceShader 2.shader
  artifactKey: Guid(18aa6ddf78af1f843a202e7e5685a820) Importer(815301076,1909f56bfc062723c751e8b465ee728b)
Start importing Assets/Shaders/NewSurfaceShader 2.shader using Guid(18aa6ddf78af1f843a202e7e5685a820) Importer(815301076,1909f56bfc062723c751e8b465ee728b)  -> (artifact id: '6c30b2deb5f559a9d8d1929062c5dfd1') in 0.078002 seconds 
========================================================================
Received Import Request.
  Time since last request: 28.510343 seconds.
  path: Assets/text/Materials/New Material 15.mat
  artifactKey: Guid(ec0ad626bd2ff5447902e005f79956f3) Importer(815301076,1909f56bfc062723c751e8b465ee728b)
Start importing Assets/text/Materials/New Material 15.mat using Guid(ec0ad626bd2ff5447902e005f79956f3) Importer(815301076,1909f56bfc062723c751e8b465ee728b)  -> (artifact id: '904a832cd9138708de9bacba451dac14') in 0.900900 seconds 
========================================================================
Received Import Request.
  Time since last request: 192.587761 seconds.
  path: Assets/text/box2 1.png
  artifactKey: Guid(7427372ddea89b645a06239257f5a5d2) Importer(815301076,1909f56bfc062723c751e8b465ee728b)
Start importing Assets/text/box2 1.png using Guid(7427372ddea89b645a06239257f5a5d2) Importer(815301076,1909f56bfc062723c751e8b465ee728b)  -> (artifact id: 'dfc7adb293cb4e8a856ddaa6a23222f5') in 0.165521 seconds 
========================================================================
Received Import Request.
  Time since last request: 59.762474 seconds.
  path: Assets/text/box2.png
  artifactKey: Guid(3cf2d8ac569815b478a8f84728ab81ef) Importer(815301076,1909f56bfc062723c751e8b465ee728b)
Start importing Assets/text/box2.png using Guid(3cf2d8ac569815b478a8f84728ab81ef) Importer(815301076,1909f56bfc062723c751e8b465ee728b)  -> (artifact id: 'fc86411d238f3fd5c0bca5300873e6bc') in 0.338135 seconds 
========================================================================
Received Import Request.
  Time since last request: 18.666416 seconds.
  path: Assets/text/box2.png
  artifactKey: Guid(3cf2d8ac569815b478a8f84728ab81ef) Importer(815301076,1909f56bfc062723c751e8b465ee728b)
Start importing Assets/text/box2.png using Guid(3cf2d8ac569815b478a8f84728ab81ef) Importer(815301076,1909f56bfc062723c751e8b465ee728b)  -> (artifact id: '26638b390229cbf4c5abddf4291171ae') in 0.236445 seconds 
========================================================================
Received Import Request.
  Time since last request: 38.006185 seconds.
  path: Assets/text/box2 1.png
  artifactKey: Guid(7427372ddea89b645a06239257f5a5d2) Importer(815301076,1909f56bfc062723c751e8b465ee728b)
Start importing Assets/text/box2 1.png using Guid(7427372ddea89b645a06239257f5a5d2) Importer(815301076,1909f56bfc062723c751e8b465ee728b)  -> (artifact id: '676492c035b13ce54c9067a31fd88bd1') in 0.178215 seconds 
========================================================================
Received Import Request.
  Time since last request: 3.528599 seconds.
  path: Assets/text/Materials/box 1.mat
  artifactKey: Guid(0bc9f09e2b35d954aa31698e99c36cb7) Importer(815301076,1909f56bfc062723c751e8b465ee728b)
Start importing Assets/text/Materials/box 1.mat using Guid(0bc9f09e2b35d954aa31698e99c36cb7) Importer(815301076,1909f56bfc062723c751e8b465ee728b)  -> (artifact id: 'fdc7fbc91f8a853e4d68ad119e90068a') in 0.200174 seconds 
========================================================================
Received Import Request.
  Time since last request: 0.000040 seconds.
  path: Assets/text/Materials/box.mat
  artifactKey: Guid(6c1518a1d3dfb81429cd65b72f92c0c1) Importer(815301076,1909f56bfc062723c751e8b465ee728b)
Start importing Assets/text/Materials/box.mat using Guid(6c1518a1d3dfb81429cd65b72f92c0c1) Importer(815301076,1909f56bfc062723c751e8b465ee728b)  -> (artifact id: '40dfec325f732eb4a989d5d2c42a4474') in 0.076288 seconds 
========================================================================
Received Import Request.
  Time since last request: 0.000054 seconds.
  path: Assets/text/Materials/New Material.mat
  artifactKey: Guid(3f7503f2ad3f03d48ad9481678cc66ed) Importer(815301076,1909f56bfc062723c751e8b465ee728b)
Start importing Assets/text/Materials/New Material.mat using Guid(3f7503f2ad3f03d48ad9481678cc66ed) Importer(815301076,1909f56bfc062723c751e8b465ee728b)  -> (artifact id: '2705da70a69b805b69d99b7f7a0e0390') in 0.228565 seconds 
========================================================================
Received Import Request.
  Time since last request: 0.000062 seconds.
  path: Assets/text/Materials/box 2.mat
  artifactKey: Guid(b497162db339bdb488f3c11b0f4381af) Importer(815301076,1909f56bfc062723c751e8b465ee728b)
Start importing Assets/text/Materials/box 2.mat using Guid(b497162db339bdb488f3c11b0f4381af) Importer(815301076,1909f56bfc062723c751e8b465ee728b)  -> (artifact id: '0b79987c89d8ddccd3d2589ec607f8c1') in 0.171498 seconds 
========================================================================
Received Import Request.
  Time since last request: 0.000063 seconds.
  path: Assets/text/Materials/New Material 15.mat
  artifactKey: Guid(ec0ad626bd2ff5447902e005f79956f3) Importer(815301076,1909f56bfc062723c751e8b465ee728b)
Start importing Assets/text/Materials/New Material 15.mat using Guid(ec0ad626bd2ff5447902e005f79956f3) Importer(815301076,1909f56bfc062723c751e8b465ee728b)  -> (artifact id: 'a6c1b50530c17955777a5a83f31cf494') in 0.152499 seconds 
========================================================================
Received Import Request.
  Time since last request: 376.827915 seconds.
  path: Assets/Scenes/room8.unity
  artifactKey: Guid(86ddbd96f94a41f4da9ff1079e23433d) Importer(815301076,1909f56bfc062723c751e8b465ee728b)
Start importing Assets/Scenes/room8.unity using Guid(86ddbd96f94a41f4da9ff1079e23433d) Importer(815301076,1909f56bfc062723c751e8b465ee728b)  -> (artifact id: '147e5e65aec89f8da41489788ad832ca') in 0.013262 seconds 
========================================================================
Received Import Request.
  Time since last request: 24.518491 seconds.
  path: Assets/audio/jokers.mp3
  artifactKey: Guid(ad3cb04623eb1cc48a8087fedc322d50) Importer(815301076,1909f56bfc062723c751e8b465ee728b)
Start importing Assets/audio/jokers.mp3 using Guid(ad3cb04623eb1cc48a8087fedc322d50) Importer(815301076,1909f56bfc062723c751e8b465ee728b)  -> (artifact id: 'dc517552543f90c47c9fabebc5f31d78') in 1.192772 seconds 
========================================================================
Received Import Request.
  Time since last request: 13.723047 seconds.
  path: Assets/pref/Cube (6) 1.prefab
  artifactKey: Guid(280e09eeb6ca61c47b1561b98caabf8b) Importer(815301076,1909f56bfc062723c751e8b465ee728b)
Start importing Assets/pref/Cube (6) 1.prefab using Guid(280e09eeb6ca61c47b1561b98caabf8b) Importer(815301076,1909f56bfc062723c751e8b465ee728b)  -> (artifact id: '26d3d4821418b0f22040fca07a3d7d63') in 0.258879 seconds 
========================================================================
Received Import Request.
  Time since last request: 0.000065 seconds.
  path: Assets/pref/Cube (6) 2.prefab
  artifactKey: Guid(7f11e78bb72abc542b79d5bfe401d4bc) Importer(815301076,1909f56bfc062723c751e8b465ee728b)
Start importing Assets/pref/Cube (6) 2.prefab using Guid(7f11e78bb72abc542b79d5bfe401d4bc) Importer(815301076,1909f56bfc062723c751e8b465ee728b)  -> (artifact id: '4f07f2f5764845533ca0af4a71bb016b') in 0.247000 seconds 
========================================================================
Received Import Request.
  Time since last request: 0.000057 seconds.
  path: Assets/pref/Plane (3).prefab
  artifactKey: Guid(1211d3c64a7944445b5b15912aed1f84) Importer(815301076,1909f56bfc062723c751e8b465ee728b)
Start importing Assets/pref/Plane (3).prefab using Guid(1211d3c64a7944445b5b15912aed1f84) Importer(815301076,1909f56bfc062723c751e8b465ee728b)  -> (artifact id: '80822319cfdc62e8d7bc9b985ccb7264') in 0.162517 seconds 
========================================================================
Received Import Request.
  Time since last request: 0.000052 seconds.
  path: Assets/pref/Cube (6).prefab
  artifactKey: Guid(fd6a04df7363a99449e6db94a9d473f1) Importer(815301076,1909f56bfc062723c751e8b465ee728b)
Start importing Assets/pref/Cube (6).prefab using Guid(fd6a04df7363a99449e6db94a9d473f1) Importer(815301076,1909f56bfc062723c751e8b465ee728b)  -> (artifact id: '01b340cba9cf572eca762c6be2a3c6c9') in 0.120693 seconds 
========================================================================
Received Import Request.
  Time since last request: 0.000047 seconds.
  path: Assets/pref/Cube.prefab
  artifactKey: Guid(efc81137e07db5f4e9efb95be9dd8e2a) Importer(815301076,1909f56bfc062723c751e8b465ee728b)
Start importing Assets/pref/Cube.prefab using Guid(efc81137e07db5f4e9efb95be9dd8e2a) Importer(815301076,1909f56bfc062723c751e8b465ee728b)  -> (artifact id: 'c050904df75b111f6e2545326488777d') in 0.072531 seconds 
========================================================================
Received Import Request.
  Time since last request: 0.000047 seconds.
  path: Assets/pref/Plane (2).prefab
  artifactKey: Guid(15ed5fb007ff8b147b56775051248604) Importer(815301076,1909f56bfc062723c751e8b465ee728b)
Start importing Assets/pref/Plane (2).prefab using Guid(15ed5fb007ff8b147b56775051248604) Importer(815301076,1909f56bfc062723c751e8b465ee728b)  -> (artifact id: '494508bce2f05377768adf4afc8fe217') in 0.085032 seconds 
========================================================================
Received Import Request.
  Time since last request: 0.000147 seconds.
  path: Assets/pref/Cube (9).prefab
  artifactKey: Guid(3a6672435c9e49f4bbf81e8b9cef83ea) Importer(815301076,1909f56bfc062723c751e8b465ee728b)
Start importing Assets/pref/Cube (9).prefab using Guid(3a6672435c9e49f4bbf81e8b9cef83ea) Importer(815301076,1909f56bfc062723c751e8b465ee728b)  -> (artifact id: 'ac0364a8b12a0e7d50bb01c688692405') in 0.205083 seconds 
========================================================================
Received Import Request.
  Time since last request: 0.000056 seconds.
  path: Assets/pref/ses.prefab
  artifactKey: Guid(7f4a777c719032d40b4b3adf4c662fc6) Importer(815301076,1909f56bfc062723c751e8b465ee728b)
Start importing Assets/pref/ses.prefab using Guid(7f4a777c719032d40b4b3adf4c662fc6) Importer(815301076,1909f56bfc062723c751e8b465ee728b)  -> (artifact id: 'f009c6b18a8f26e581c75999c2c63b09') in 0.102850 seconds 
========================================================================
Received Import Request.
  Time since last request: 0.000060 seconds.
  path: Assets/pref/Gate.prefab
  artifactKey: Guid(d6f9a79544deebf4d9f0e9bd3a2c5c76) Importer(815301076,1909f56bfc062723c751e8b465ee728b)
Start importing Assets/pref/Gate.prefab using Guid(d6f9a79544deebf4d9f0e9bd3a2c5c76) Importer(815301076,1909f56bfc062723c751e8b465ee728b)  -> (artifact id: 'b32e57926be433be3383e5c7a8697ff5') in 0.102289 seconds 
========================================================================
Received Import Request.
  Time since last request: 0.000052 seconds.
  path: Assets/pref/Cube (6) 2 (2).prefab
  artifactKey: Guid(b528b382d56a87a41a55c25d14a7349a) Importer(815301076,1909f56bfc062723c751e8b465ee728b)
Start importing Assets/pref/Cube (6) 2 (2).prefab using Guid(b528b382d56a87a41a55c25d14a7349a) Importer(815301076,1909f56bfc062723c751e8b465ee728b)  -> (artifact id: '31a400d8a76e7b8a0a7502cadf94f4fc') in 0.095990 seconds 
========================================================================
Received Import Request.
  Time since last request: 80.652522 seconds.
  path: Assets/text/Materials/New Material 15.mat
  artifactKey: Guid(ec0ad626bd2ff5447902e005f79956f3) Importer(815301076,1909f56bfc062723c751e8b465ee728b)
Start importing Assets/text/Materials/New Material 15.mat using Guid(ec0ad626bd2ff5447902e005f79956f3) Importer(815301076,1909f56bfc062723c751e8b465ee728b)  -> (artifact id: '8da3437c5665dfe87a08bdaf2b2066ab') in 0.075317 seconds 
========================================================================
Received Import Request.
  Time since last request: 105.796508 seconds.
  path: Assets/text/box2 1.png
  artifactKey: Guid(7427372ddea89b645a06239257f5a5d2) Importer(815301076,1909f56bfc062723c751e8b465ee728b)
Start importing Assets/text/box2 1.png using Guid(7427372ddea89b645a06239257f5a5d2) Importer(815301076,1909f56bfc062723c751e8b465ee728b)  -> (artifact id: 'efdebbd4866ed7c732e16f17d4284d58') in 1.252533 seconds 
========================================================================
Received Import Request.
  Time since last request: 159.405153 seconds.
  path: Assets/text/Materials/New Material 15.mat
  artifactKey: Guid(ec0ad626bd2ff5447902e005f79956f3) Importer(815301076,1909f56bfc062723c751e8b465ee728b)
Start importing Assets/text/Materials/New Material 15.mat using Guid(ec0ad626bd2ff5447902e005f79956f3) Importer(815301076,1909f56bfc062723c751e8b465ee728b)  -> (artifact id: '132b2d59cc54726a53189ed575f5b996') in 0.282057 seconds 
========================================================================
Received Prepare
Registering precompiled user dll's ...
Registered in 0.003086 seconds.
Begin MonoManager ReloadAssembly
Symbol file LoadedFromMemory doesn't match image D:\2new\Unauticna\Library\PackageCache\com.unity.visualscripting@1.7.6\Editor\VisualScripting.Core\Dependencies\YamlDotNet\Unity.VisualScripting.YamlDotNet.dll
Symbol file LoadedFromMemory doesn't match image D:\2new\Unauticna\Library\PackageCache\com.unity.visualscripting@1.7.6\Editor\VisualScripting.Core\Dependencies\DotNetZip\Unity.VisualScripting.IonicZip.dll
Native extension for WindowsStandalone target not found
Refreshing native plugins compatible for Editor in 1.60 ms, found 2 plugins.
Preloading 0 native plugins for Editor in 0.00 ms.
Warning: Annotation not found!
UnityEngine.StackTraceUtility:ExtractStackTrace ()
UnityEditor.ProBuilder.EditorUtility:SetGizmoIconEnabled (System.Type,bool) (at Library/PackageCache/com.unity.probuilder@5.0.3/Editor/EditorCore/EditorUtility.cs:575)
UnityEditor.ProBuilder.HierarchyListener:.cctor () (at Library/PackageCache/com.unity.probuilder@5.0.3/Editor/EditorCore/HierarchyListener.cs:21)
System.Runtime.CompilerServices.RuntimeHelpers:RunClassConstructor (System.RuntimeTypeHandle)
UnityEditor.EditorAssemblies:ProcessInitializeOnLoadAttributes (System.Type[])

[Library/PackageCache/com.unity.probuilder@5.0.3/Editor/EditorCore/EditorUtility.cs line 575]

Mono: successfully reloaded assembly
- Completed reload, in  4.892 seconds
Domain Reload Profiling:
	ReloadAssembly (4895ms)
		BeginReloadAssembly (976ms)
			ExecutionOrderSort (0ms)
			DisableScriptedObjects (103ms)
			BackupInstance (0ms)
			ReleaseScriptingObjects (0ms)
			CreateAndSetChildDomain (277ms)
		EndReloadAssembly (3455ms)
			LoadAssemblies (504ms)
			RebuildTransferFunctionScriptingTraits (0ms)
			SetupTypeCache (894ms)
			ReleaseScriptCaches (2ms)
			RebuildScriptCaches (228ms)
			SetupLoadedEditorAssemblies (1601ms)
				LogAssemblyErrors (0ms)
				InitializePlatformSupportModulesInManaged (40ms)
				SetLoadedEditorAssemblies (2ms)
				RefreshPlugins (2ms)
				BeforeProcessingInitializeOnLoad (282ms)
				ProcessInitializeOnLoadAttributes (1173ms)
				ProcessInitializeOnLoadMethodAttributes (91ms)
				AfterProcessingInitializeOnLoad (9ms)
				EditorAssembliesLoaded (1ms)
			ExecutionOrderSort2 (0ms)
			AwakeInstancesAfterBackupRestoration (116ms)
Platform modules already initialized, skipping
Refreshing native plugins compatible for Editor in 2.07 ms, found 2 plugins.
Preloading 0 native plugins for Editor in 0.00 ms.
Unloading 3645 Unused Serialized files (Serialized files now loaded: 0)
Unloading 37 unused Assets / (1.9 MB). Loaded Objects now: 4411.
Memory consumption went from 184.8 MB to 182.9 MB.
Total: 30.944000 ms (FindLiveObjects: 0.901800 ms CreateObjectMapping: 0.195300 ms MarkObjects: 28.455500 ms  DeleteObjects: 1.388400 ms)

AssetImportParameters requested are different than current active one (requested -> active):
  custom:video-decoder-ogg-theora: a1e56fd34408186e4bbccfd4996cb3dc -> 
  custom:container-muxer-webm: aa71ff27fc2769a1b78a27578f13a17b -> 
  custom:container-demuxer-webm: 4f35f7cbe854078d1ac9338744f61a02 -> 
  custom:video-encoder-webm-vp8: eb34c28f22e8b96e1ab97ce403110664 -> 
  custom:audio-encoder-webm-vorbis: bf7c407c2cedff20999df2af8eb42d56 -> 
  custom:framework-win-MediaFoundation: 216162199b28c13a410421893ffa2e32 -> 
  custom:container-demuxer-ogg: 62fdf1f143b41e24485cea50d1cbac27 -> 
  custom:video-decoder-webm-vp8: 9c59270c3fd7afecdb556c50c9e8de78 -> 
  custom:audio-decoder-ogg-vorbis: bf7c407c2cedff20999df2af8eb42d56 -> 
========================================================================
Received Prepare
Registering precompiled user dll's ...
Registered in 0.002793 seconds.
Begin MonoManager ReloadAssembly
Symbol file LoadedFromMemory doesn't match image D:\2new\Unauticna\Library\PackageCache\com.unity.visualscripting@1.7.6\Editor\VisualScripting.Core\Dependencies\YamlDotNet\Unity.VisualScripting.YamlDotNet.dll
Symbol file LoadedFromMemory doesn't match image D:\2new\Unauticna\Library\PackageCache\com.unity.visualscripting@1.7.6\Editor\VisualScripting.Core\Dependencies\DotNetZip\Unity.VisualScripting.IonicZip.dll
Native extension for WindowsStandalone target not found
Refreshing native plugins compatible for Editor in 2.19 ms, found 2 plugins.
Preloading 0 native plugins for Editor in 0.00 ms.
Warning: Annotation not found!
UnityEngine.StackTraceUtility:ExtractStackTrace ()
UnityEditor.ProBuilder.EditorUtility:SetGizmoIconEnabled (System.Type,bool) (at Library/PackageCache/com.unity.probuilder@5.0.3/Editor/EditorCore/EditorUtility.cs:575)
UnityEditor.ProBuilder.HierarchyListener:.cctor () (at Library/PackageCache/com.unity.probuilder@5.0.3/Editor/EditorCore/HierarchyListener.cs:21)
System.Runtime.CompilerServices.RuntimeHelpers:RunClassConstructor (System.RuntimeTypeHandle)
UnityEditor.EditorAssemblies:ProcessInitializeOnLoadAttributes (System.Type[])

[Library/PackageCache/com.unity.probuilder@5.0.3/Editor/EditorCore/EditorUtility.cs line 575]

Mono: successfully reloaded assembly
- Completed reload, in  2.731 seconds
Domain Reload Profiling:
	ReloadAssembly (2734ms)
		BeginReloadAssembly (334ms)
			ExecutionOrderSort (0ms)
			DisableScriptedObjects (16ms)
			BackupInstance (0ms)
			ReleaseScriptingObjects (0ms)
			CreateAndSetChildDomain (61ms)
		EndReloadAssembly (2180ms)
			LoadAssemblies (184ms)
			RebuildTransferFunctionScriptingTraits (0ms)
			SetupTypeCache (430ms)
			ReleaseScriptCaches (2ms)
			RebuildScriptCaches (115ms)
			SetupLoadedEditorAssemblies (1246ms)
				LogAssemblyErrors (0ms)
				InitializePlatformSupportModulesInManaged (31ms)
				SetLoadedEditorAssemblies (2ms)
				RefreshPlugins (3ms)
				BeforeProcessingInitializeOnLoad (209ms)
				ProcessInitializeOnLoadAttributes (916ms)
				ProcessInitializeOnLoadMethodAttributes (76ms)
				AfterProcessingInitializeOnLoad (9ms)
				EditorAssembliesLoaded (1ms)
			ExecutionOrderSort2 (0ms)
			AwakeInstancesAfterBackupRestoration (51ms)
Platform modules already initialized, skipping
Refreshing native plugins compatible for Editor in 10.74 ms, found 2 plugins.
Preloading 0 native plugins for Editor in 0.00 ms.
Unloading 3642 Unused Serialized files (Serialized files now loaded: 0)
Unloading 37 unused Assets / (1.9 MB). Loaded Objects now: 4413.
Memory consumption went from 184.6 MB to 182.7 MB.
Total: 14.792000 ms (FindLiveObjects: 1.317800 ms CreateObjectMapping: 0.827300 ms MarkObjects: 7.585200 ms  DeleteObjects: 5.059300 ms)

AssetImportParameters requested are different than current active one (requested -> active):
  custom:video-decoder-ogg-theora: a1e56fd34408186e4bbccfd4996cb3dc -> 
  custom:container-muxer-webm: aa71ff27fc2769a1b78a27578f13a17b -> 
  custom:container-demuxer-webm: 4f35f7cbe854078d1ac9338744f61a02 -> 
  custom:video-encoder-webm-vp8: eb34c28f22e8b96e1ab97ce403110664 -> 
  custom:audio-encoder-webm-vorbis: bf7c407c2cedff20999df2af8eb42d56 -> 
  custom:framework-win-MediaFoundation: 216162199b28c13a410421893ffa2e32 -> 
  custom:container-demuxer-ogg: 62fdf1f143b41e24485cea50d1cbac27 -> 
  custom:video-decoder-webm-vp8: 9c59270c3fd7afecdb556c50c9e8de78 -> 
  custom:audio-decoder-ogg-vorbis: bf7c407c2cedff20999df2af8eb42d56 -> 
========================================================================
Received Prepare
Registering precompiled user dll's ...
Registered in 0.003080 seconds.
Begin MonoManager ReloadAssembly
Symbol file LoadedFromMemory doesn't match image D:\2new\Unauticna\Library\PackageCache\com.unity.visualscripting@1.7.6\Editor\VisualScripting.Core\Dependencies\YamlDotNet\Unity.VisualScripting.YamlDotNet.dll
Symbol file LoadedFromMemory doesn't match image D:\2new\Unauticna\Library\PackageCache\com.unity.visualscripting@1.7.6\Editor\VisualScripting.Core\Dependencies\DotNetZip\Unity.VisualScripting.IonicZip.dll
Native extension for WindowsStandalone target not found
Refreshing native plugins compatible for Editor in 1.92 ms, found 2 plugins.
Preloading 0 native plugins for Editor in 0.00 ms.
Warning: Annotation not found!
UnityEngine.StackTraceUtility:ExtractStackTrace ()
UnityEditor.ProBuilder.EditorUtility:SetGizmoIconEnabled (System.Type,bool) (at Library/PackageCache/com.unity.probuilder@5.0.3/Editor/EditorCore/EditorUtility.cs:575)
UnityEditor.ProBuilder.HierarchyListener:.cctor () (at Library/PackageCache/com.unity.probuilder@5.0.3/Editor/EditorCore/HierarchyListener.cs:21)
System.Runtime.CompilerServices.RuntimeHelpers:RunClassConstructor (System.RuntimeTypeHandle)
UnityEditor.EditorAssemblies:ProcessInitializeOnLoadAttributes (System.Type[])

[Library/PackageCache/com.unity.probuilder@5.0.3/Editor/EditorCore/EditorUtility.cs line 575]

Mono: successfully reloaded assembly
- Completed reload, in  2.893 seconds
Domain Reload Profiling:
	ReloadAssembly (2894ms)
		BeginReloadAssembly (291ms)
			ExecutionOrderSort (0ms)
			DisableScriptedObjects (17ms)
			BackupInstance (0ms)
			ReleaseScriptingObjects (0ms)
			CreateAndSetChildDomain (68ms)
		EndReloadAssembly (2373ms)
			LoadAssemblies (181ms)
			RebuildTransferFunctionScriptingTraits (0ms)
			SetupTypeCache (510ms)
			ReleaseScriptCaches (3ms)
			RebuildScriptCaches (213ms)
			SetupLoadedEditorAssemblies (1249ms)
				LogAssemblyErrors (0ms)
				InitializePlatformSupportModulesInManaged (33ms)
				SetLoadedEditorAssemblies (1ms)
				RefreshPlugins (2ms)
				BeforeProcessingInitializeOnLoad (216ms)
				ProcessInitializeOnLoadAttributes (918ms)
				ProcessInitializeOnLoadMethodAttributes (65ms)
				AfterProcessingInitializeOnLoad (13ms)
				EditorAssembliesLoaded (1ms)
			ExecutionOrderSort2 (0ms)
			AwakeInstancesAfterBackupRestoration (43ms)
Platform modules already initialized, skipping
Refreshing native plugins compatible for Editor in 1.67 ms, found 2 plugins.
Preloading 0 native plugins for Editor in 0.00 ms.
Unloading 3642 Unused Serialized files (Serialized files now loaded: 0)
Unloading 37 unused Assets / (1.9 MB). Loaded Objects now: 4415.
Memory consumption went from 184.6 MB to 182.7 MB.
Total: 21.458200 ms (FindLiveObjects: 2.361000 ms CreateObjectMapping: 0.294300 ms MarkObjects: 16.780900 ms  DeleteObjects: 2.017800 ms)

AssetImportParameters requested are different than current active one (requested -> active):
  custom:video-decoder-ogg-theora: a1e56fd34408186e4bbccfd4996cb3dc -> 
  custom:container-muxer-webm: aa71ff27fc2769a1b78a27578f13a17b -> 
  custom:container-demuxer-webm: 4f35f7cbe854078d1ac9338744f61a02 -> 
  custom:video-encoder-webm-vp8: eb34c28f22e8b96e1ab97ce403110664 -> 
  custom:audio-encoder-webm-vorbis: bf7c407c2cedff20999df2af8eb42d56 -> 
  custom:framework-win-MediaFoundation: 216162199b28c13a410421893ffa2e32 -> 
  custom:container-demuxer-ogg: 62fdf1f143b41e24485cea50d1cbac27 -> 
  custom:video-decoder-webm-vp8: 9c59270c3fd7afecdb556c50c9e8de78 -> 
  custom:audio-decoder-ogg-vorbis: bf7c407c2cedff20999df2af8eb42d56 -> 
========================================================================
Received Prepare
Registering precompiled user dll's ...
Registered in 0.002703 seconds.
Begin MonoManager ReloadAssembly
Symbol file LoadedFromMemory doesn't match image D:\2new\Unauticna\Library\PackageCache\com.unity.visualscripting@1.7.6\Editor\VisualScripting.Core\Dependencies\YamlDotNet\Unity.VisualScripting.YamlDotNet.dll
Symbol file LoadedFromMemory doesn't match image D:\2new\Unauticna\Library\PackageCache\com.unity.visualscripting@1.7.6\Editor\VisualScripting.Core\Dependencies\DotNetZip\Unity.VisualScripting.IonicZip.dll
Native extension for WindowsStandalone target not found
Refreshing native plugins compatible for Editor in 1.37 ms, found 2 plugins.
Preloading 0 native plugins for Editor in 0.00 ms.
Warning: Annotation not found!
UnityEngine.StackTraceUtility:ExtractStackTrace ()
UnityEditor.ProBuilder.EditorUtility:SetGizmoIconEnabled (System.Type,bool) (at Library/PackageCache/com.unity.probuilder@5.0.3/Editor/EditorCore/EditorUtility.cs:575)
UnityEditor.ProBuilder.HierarchyListener:.cctor () (at Library/PackageCache/com.unity.probuilder@5.0.3/Editor/EditorCore/HierarchyListener.cs:21)
System.Runtime.CompilerServices.RuntimeHelpers:RunClassConstructor (System.RuntimeTypeHandle)
UnityEditor.EditorAssemblies:ProcessInitializeOnLoadAttributes (System.Type[])

[Library/PackageCache/com.unity.probuilder@5.0.3/Editor/EditorCore/EditorUtility.cs line 575]

Mono: successfully reloaded assembly
- Completed reload, in  2.821 seconds
Domain Reload Profiling:
	ReloadAssembly (2823ms)
		BeginReloadAssembly (266ms)
			ExecutionOrderSort (0ms)
			DisableScriptedObjects (17ms)
			BackupInstance (0ms)
			ReleaseScriptingObjects (0ms)
			CreateAndSetChildDomain (54ms)
		EndReloadAssembly (2346ms)
			LoadAssemblies (181ms)
			RebuildTransferFunctionScriptingTraits (0ms)
			SetupTypeCache (442ms)
			ReleaseScriptCaches (5ms)
			RebuildScriptCaches (127ms)
			SetupLoadedEditorAssemblies (1378ms)
				LogAssemblyErrors (1ms)
				InitializePlatformSupportModulesInManaged (41ms)
				SetLoadedEditorAssemblies (1ms)
				RefreshPlugins (1ms)
				BeforeProcessingInitializeOnLoad (289ms)
				ProcessInitializeOnLoadAttributes (965ms)
				ProcessInitializeOnLoadMethodAttributes (73ms)
				AfterProcessingInitializeOnLoad (6ms)
				EditorAssembliesLoaded (1ms)
			ExecutionOrderSort2 (0ms)
			AwakeInstancesAfterBackupRestoration (40ms)
Platform modules already initialized, skipping
Refreshing native plugins compatible for Editor in 2.26 ms, found 2 plugins.
Preloading 0 native plugins for Editor in 0.00 ms.
Unloading 3642 Unused Serialized files (Serialized files now loaded: 0)
Unloading 37 unused Assets / (1.9 MB). Loaded Objects now: 4417.
Memory consumption went from 184.6 MB to 182.7 MB.
Total: 27.328800 ms (FindLiveObjects: 2.008300 ms CreateObjectMapping: 5.959800 ms MarkObjects: 15.477400 ms  DeleteObjects: 3.879400 ms)

AssetImportParameters requested are different than current active one (requested -> active):
  custom:video-decoder-ogg-theora: a1e56fd34408186e4bbccfd4996cb3dc -> 
  custom:container-muxer-webm: aa71ff27fc2769a1b78a27578f13a17b -> 
  custom:container-demuxer-webm: 4f35f7cbe854078d1ac9338744f61a02 -> 
  custom:video-encoder-webm-vp8: eb34c28f22e8b96e1ab97ce403110664 -> 
  custom:audio-encoder-webm-vorbis: bf7c407c2cedff20999df2af8eb42d56 -> 
  custom:framework-win-MediaFoundation: 216162199b28c13a410421893ffa2e32 -> 
  custom:container-demuxer-ogg: 62fdf1f143b41e24485cea50d1cbac27 -> 
  custom:video-decoder-webm-vp8: 9c59270c3fd7afecdb556c50c9e8de78 -> 
  custom:audio-decoder-ogg-vorbis: bf7c407c2cedff20999df2af8eb42d56 -> 
========================================================================
Received Prepare
Refreshing native plugins compatible for Editor in 4.51 ms, found 2 plugins.
Preloading 0 native plugins for Editor in 0.00 ms.
Unloading 35 Unused Serialized files (Serialized files now loaded: 0)
Unloading 35 unused Assets / (1.9 MB). Loaded Objects now: 4417.
Memory consumption went from 112.4 MB to 110.6 MB.
Total: 8.009600 ms (FindLiveObjects: 0.751300 ms CreateObjectMapping: 0.189200 ms MarkObjects: 6.099800 ms  DeleteObjects: 0.967500 ms)

AssetImportParameters requested are different than current active one (requested -> active):
  custom:video-decoder-ogg-theora: a1e56fd34408186e4bbccfd4996cb3dc -> 
  custom:container-muxer-webm: aa71ff27fc2769a1b78a27578f13a17b -> 
  custom:container-demuxer-webm: 4f35f7cbe854078d1ac9338744f61a02 -> 
  custom:video-encoder-webm-vp8: eb34c28f22e8b96e1ab97ce403110664 -> 
  custom:audio-encoder-webm-vorbis: bf7c407c2cedff20999df2af8eb42d56 -> 
  custom:framework-win-MediaFoundation: 216162199b28c13a410421893ffa2e32 -> 
  custom:container-demuxer-ogg: 62fdf1f143b41e24485cea50d1cbac27 -> 
  custom:video-decoder-webm-vp8: 9c59270c3fd7afecdb556c50c9e8de78 -> 
  custom:audio-decoder-ogg-vorbis: bf7c407c2cedff20999df2af8eb42d56 -> 
